<?xml version="1.0" encoding="UTF-8"?>
<testng-results skipped="0" failed="0" ignored="0" total="1" passed="1">
  <reporter-output>
  </reporter-output>
  <suite name="Default suite" duration-ms="106280" started-at="2019-03-11T14:16:29Z" finished-at="2019-03-11T14:18:15Z">
    <groups>
    </groups>
    <test name="Default test" duration-ms="106280" started-at="2019-03-11T14:16:29Z" finished-at="2019-03-11T14:18:15Z">
      <class name="test.ProductSpectrum">
        <test-method status="PASS" signature="beforeTest()[pri:0, instance:test.ProductSpectrum@d6da883]" name="beforeTest" is-config="true" duration-ms="10" started-at="2019-03-11T14:16:29Z" finished-at="2019-03-11T14:16:29Z">
          <reporter-output>
          </reporter-output>
        </test-method> <!-- beforeTest -->
        <test-method status="PASS" signature="ProductSpectrumManagement()[pri:0, instance:test.ProductSpectrum@d6da883]" name="ProductSpectrumManagement" duration-ms="106222" started-at="2019-03-11T14:16:29Z" finished-at="2019-03-11T14:18:15Z">
          <reporter-output>
          </reporter-output>
        </test-method> <!-- ProductSpectrumManagement -->
        <test-method status="PASS" signature="afterTest()[pri:0, instance:test.ProductSpectrum@d6da883]" name="afterTest" is-config="true" duration-ms="32" started-at="2019-03-11T14:18:15Z" finished-at="2019-03-11T14:18:15Z">
          <reporter-output>
          </reporter-output>
        </test-method> <!-- afterTest -->
      </class> <!-- test.ProductSpectrum -->
    </test> <!-- Default test -->
  </suite> <!-- Default suite -->
</testng-results>
